2014-05-14 21:10:20.860 HelloWorld[949:90b] Multi-tasking -> Device: YES, App: YES
2014-05-14 21:10:23.966 HelloWorld[949:90b] Resetting plugins due to page load.
2014-05-14 21:10:24.299 HelloWorld[949:90b] Finished load of: file:///Users/chiragsanghvi/Library/Application%20Support/iPhone%20Simulator/7.1/Applications/DC0922C4-82F0-466A-BFE7-063945E6E47F/HelloWorld.app/www/index.html
2014-05-14 21:33:37.490 Employee Directory[1391:90b] Multi-tasking -> Device: YES, App: YES
2014-05-14 21:33:37.501 Employee Directory[1391:90b] Unlimited access to network resources
2014-05-14 21:33:37.763 Employee Directory[1391:90b] Resetting plugins due to page load.
2014-05-14 21:33:50.932 Employee Directory[1391:90b] Finished load of: file:///Users/chiragsanghvi/Library/Application%20Support/iPhone%20Simulator/7.1/Applications/45037BDB-B1FD-4138-B4A8-0E8346208CC9/Employee%20Directory.app/www/index.html
2014-05-14 21:34:20.652 Employee Directory[1391:90b] Resetting plugins due to page load.
2014-05-14 21:34:20.711 Employee Directory[1391:90b] Finished load of: file:///Users/chiragsanghvi/Library/Application%20Support/iPhone%20Simulator/7.1/Applications/45037BDB-B1FD-4138-B4A8-0E8346208CC9/Employee%20Directory.app/www/employeedetails.html?id=58922113209337629
2014-05-14 21:34:25.536 Employee Directory[1391:90b] Resetting plugins due to page load.
2014-05-14 21:34:25.564 Employee Directory[1391:90b] Finished load of: file:///Users/chiragsanghvi/Library/Application%20Support/iPhone%20Simulator/7.1/Applications/45037BDB-B1FD-4138-B4A8-0E8346208CC9/Employee%20Directory.app/www/reportlist.html?id=58922113209337629
2014-05-14 21:34:27.890 Employee Directory[1391:90b] Resetting plugins due to page load.
2014-05-14 21:34:27.910 Employee Directory[1391:90b] Finished load of: file:///Users/chiragsanghvi/Library/Application%20Support/iPhone%20Simulator/7.1/Applications/45037BDB-B1FD-4138-B4A8-0E8346208CC9/Employee%20Directory.app/www/employeedetails.html?id=58922113274349342
2014-05-14 21:34:30.792 Employee Directory[1391:90b] Resetting plugins due to page load.
2014-05-14 21:34:30.814 Employee Directory[1391:90b] Finished load of: file:///Users/chiragsanghvi/Library/Application%20Support/iPhone%20Simulator/7.1/Applications/45037BDB-B1FD-4138-B4A8-0E8346208CC9/Employee%20Directory.app/www/employeedetails.html?id=58922113209337629
2014-05-14 21:34:36.541 Employee Directory[1391:90b] Resetting plugins due to page load.
2014-05-14 21:34:36.563 Employee Directory[1391:90b] Finished load of: file:///Users/chiragsanghvi/Library/Application%20Support/iPhone%20Simulator/7.1/Applications/45037BDB-B1FD-4138-B4A8-0E8346208CC9/Employee%20Directory.app/www/index.html
2014-05-14 21:40:37.252 Employee Directory[1706:90b] Multi-tasking -> Device: YES, App: YES
2014-05-14 21:40:37.262 Employee Directory[1706:90b] Unlimited access to network resources
2014-05-14 21:40:37.334 Employee Directory[1706:90b] Resetting plugins due to page load.
2014-05-14 21:40:38.054 Employee Directory[1706:90b] Finished load of: file:///Users/chiragsanghvi/Library/Application%20Support/iPhone%20Simulator/7.1/Applications/45037BDB-B1FD-4138-B4A8-0E8346208CC9/Employee%20Directory.app/www/index.html
2014-05-14 21:41:19.443 Employee Directory[1706:90b] Resetting plugins due to page load.
2014-05-14 21:41:19.475 Employee Directory[1706:90b] Finished load of: file:///Users/chiragsanghvi/Library/Application%20Support/iPhone%20Simulator/7.1/Applications/45037BDB-B1FD-4138-B4A8-0E8346208CC9/Employee%20Directory.app/www/employeedetails.html?id=58922113209337629
2014-05-14 21:41:20.884 Employee Directory[1706:90b] Resetting plugins due to page load.
2014-05-14 21:41:20.906 Employee Directory[1706:90b] Finished load of: file:///Users/chiragsanghvi/Library/Application%20Support/iPhone%20Simulator/7.1/Applications/45037BDB-B1FD-4138-B4A8-0E8346208CC9/Employee%20Directory.app/www/index.html
2014-05-14 21:41:45.793 Employee Directory[2023:90b] Multi-tasking -> Device: YES, App: YES
2014-05-14 21:41:45.804 Employee Directory[2023:90b] Unlimited access to network resources
2014-05-14 21:41:46.049 Employee Directory[2023:90b] Resetting plugins due to page load.
2014-05-14 21:41:46.516 Employee Directory[2023:90b] Finished load of: file:///Users/chiragsanghvi/Library/Application%20Support/iPhone%20Simulator/7.1/Applications/45037BDB-B1FD-4138-B4A8-0E8346208CC9/Employee%20Directory.app/www/index.html
2014-05-14 21:41:58.230 Employee Directory[2023:90b] Resetting plugins due to page load.
2014-05-14 21:41:58.263 Employee Directory[2023:90b] Finished load of: file:///Users/chiragsanghvi/Library/Application%20Support/iPhone%20Simulator/7.1/Applications/45037BDB-B1FD-4138-B4A8-0E8346208CC9/Employee%20Directory.app/www/employeedetails.html?id=58922114040856866
2014-05-14 21:42:00.725 Employee Directory[2023:90b] Resetting plugins due to page load.
2014-05-14 21:42:00.747 Employee Directory[2023:90b] Finished load of: file:///Users/chiragsanghvi/Library/Application%20Support/iPhone%20Simulator/7.1/Applications/45037BDB-B1FD-4138-B4A8-0E8346208CC9/Employee%20Directory.app/www/employeedetails.html?id=58922113274349342
Terminating in response to SpringBoard's termination.
2014-05-14 22:11:21.028 Employee Directory[2415:90b] Multi-tasking -> Device: YES, App: YES
2014-05-14 22:11:21.039 Employee Directory[2415:90b] Unlimited access to network resources
2014-05-14 22:11:21.193 Employee Directory[2415:90b] Resetting plugins due to page load.
2014-05-14 22:11:21.811 Employee Directory[2415:90b] Finished load of: file:///Users/chiragsanghvi/Library/Application%20Support/iPhone%20Simulator/7.1/Applications/45037BDB-B1FD-4138-B4A8-0E8346208CC9/Employee%20Directory.app/www/index.html
2014-05-14 22:11:29.904 Employee Directory[2415:90b] Resetting plugins due to page load.
2014-05-14 22:11:29.932 Employee Directory[2415:90b] Finished load of: file:///Users/chiragsanghvi/Library/Application%20Support/iPhone%20Simulator/7.1/Applications/45037BDB-B1FD-4138-B4A8-0E8346208CC9/Employee%20Directory.app/www/employeedetails.html?id=58922113209337629
2014-05-14 22:11:31.742 Employee Directory[2415:90b] Resetting plugins due to page load.
2014-05-14 22:11:31.769 Employee Directory[2415:90b] Finished load of: file:///Users/chiragsanghvi/Library/Application%20Support/iPhone%20Simulator/7.1/Applications/45037BDB-B1FD-4138-B4A8-0E8346208CC9/Employee%20Directory.app/www/reportlist.html?id=58922113209337629
2014-05-14 22:11:39.420 Employee Directory[2415:90b] Resetting plugins due to page load.
2014-05-14 22:11:39.442 Employee Directory[2415:90b] Finished load of: file:///Users/chiragsanghvi/Library/Application%20Support/iPhone%20Simulator/7.1/Applications/45037BDB-B1FD-4138-B4A8-0E8346208CC9/Employee%20Directory.app/www/index.html
